Using pre-set license
Built from '2020.2/release' branch; Version is '2020.2.2f1 (068178b99f32) revision 426360'; Using compiler version '192528614'; Build Type 'Release'
OS: 'Windows 10 Pro; OS build 19042.985; Version 2009; 64bit' Language: 'ko' Physical Memory: 32716 MB
BatchMode: 1, IsHumanControllingUs: 0, StartBugReporterOnCrash: 0, Is64bit: 1, IsPro: 0

 COMMAND LINE ARGUMENTS:
D:\Unity editer\2020.2.2f1\Editor\Unity.exe
-adb2
-batchMode
-noUpm
-name
AssetImportWorker0
-projectPath
D:/SourceTree
-logFile
Logs/AssetImportWorker0.log
-srvPort
55029
Successfully changed project path to: D:/SourceTree
D:/SourceTree
Using Asset Import Pipeline V2.
Refreshing native plugins compatible for Editor in 35.21 ms, found 2 plugins.
Preloading 0 native plugins for Editor in 0.00 ms.
Initialize engine version: 2020.2.2f1 (068178b99f32)
[Subsystems] Discovering subsystems at path D:/Unity editer/2020.2.2f1/Editor/Data/Resources/UnitySubsystems
[Subsystems] Discovering subsystems at path D:/SourceTree/Assets
GfxDevice: creating device client; threaded=0
Direct3D:
    Version:  Direct3D 11.0 [level 11.1]
    Renderer: NVIDIA GeForce RTX 2070 SUPER (ID=0x1e84)
    Vendor:   
    VRAM:     8011 MB
    Driver:   27.21.14.5671
Initialize mono
Mono path[0] = 'D:/Unity editer/2020.2.2f1/Editor/Data/Managed'
Mono path[1] = 'D:/Unity editer/2020.2.2f1/Editor/Data/MonoBleedingEdge/lib/mono/unityjit'
Mono config path = 'D:/Unity editer/2020.2.2f1/Editor/Data/MonoBleedingEdge/etc'
Using monoOptions --debugger-agent=transport=dt_socket,embedding=1,server=y,suspend=n,address=127.0.0.1:56500
Begin MonoManager ReloadAssembly
Registering precompiled unity dll's ...
Register platform support module: D:/Unity editer/2020.2.2f1/Editor/Data/PlaybackEngines/WindowsStandaloneSupport/UnityEditor.WindowsStandalone.Extensions.dll
Registered in 0.000936 seconds.
Native extension for WindowsStandalone target not found
Refreshing native plugins compatible for Editor in 35.73 ms, found 2 plugins.
Preloading 0 native plugins for Editor in 0.00 ms.
Invoked RoslynAnalysisRunner static constructor.
RoslynAnalysisRunner will not be running.
RoslynAnalysisRunner has terminated.
Mono: successfully reloaded assembly
- Completed reload, in  1.227 seconds
Platform modules already initialized, skipping
Registering precompiled user dll's ...
Registered in 0.004134 seconds.
Begin MonoManager ReloadAssembly
Native extension for WindowsStandalone target not found
Refreshing native plugins compatible for Editor in 33.97 ms, found 2 plugins.
Preloading 0 native plugins for Editor in 0.00 ms.
Invoked RoslynAnalysisRunner static constructor.
RoslynAnalysisRunner will not be running.
RoslynAnalysisRunner has terminated.
Mono: successfully reloaded assembly
- Completed reload, in  0.838 seconds
Platform modules already initialized, skipping
========================================================================
Worker process is ready to serve import requests
Launched and connected shader compiler UnityShaderCompiler.exe after 0.05 seconds
Refreshing native plugins compatible for Editor in 0.48 ms, found 2 plugins.
Preloading 0 native plugins for Editor in 0.00 ms.
Unloading 1810 Unused Serialized files (Serialized files now loaded: 0)
System memory in use before: 85.4 MB.
System memory in use after: 85.4 MB.

Unloading 40 unused Assets to reduce memory usage. Loaded Objects now: 2321.
Total: 2.125600 ms (FindLiveObjects: 0.246400 ms CreateObjectMapping: 0.040600 ms MarkObjects: 1.716700 ms  DeleteObjects: 0.120800 ms)

========================================================================
Received Import Request.
  path: ProjectSettings/TagManager.asset
  artifactKey: Guid(00000000000000003000000000000000) Importer(815301076,1909f56bfc062723c751e8b465ee728b)
Start importing ProjectSettings/TagManager.asset using Guid(00000000000000003000000000000000) Importer(815301076,1909f56bfc062723c751e8b465ee728b)  -> (artifact id: '9315883474cd13f70b93aea96d40eca6') in 0.039956 seconds
  Import took 0.042812 seconds .

========================================================================
Received Import Request.
  Time since last request: 21.435635 seconds.
  path: Assets/Prefabs/BulletBolt.prefab
  artifactKey: Guid(0d0dde6d4694ac74d8f3338c3e9cdd0b) Importer(815301076,1909f56bfc062723c751e8b465ee728b)
Start importing Assets/Prefabs/BulletBolt.prefab using Guid(0d0dde6d4694ac74d8f3338c3e9cdd0b) Importer(815301076,1909f56bfc062723c751e8b465ee728b)  -> (artifact id: 'b2235fc487a442e42cf98f0bfc9c5009') in 0.473111 seconds
  Import took 0.476370 seconds .

========================================================================
Received Import Request.
  Time since last request: 35.686041 seconds.
  path: Assets/Prefabs/Bullet.prefab
  artifactKey: Guid(ddcfe99445fd2604e963629c6eb308ec) Importer(815301076,1909f56bfc062723c751e8b465ee728b)
Start importing Assets/Prefabs/Bullet.prefab using Guid(ddcfe99445fd2604e963629c6eb308ec) Importer(815301076,1909f56bfc062723c751e8b465ee728b)  -> (artifact id: '80d242bc54cf3e713fa5ae1025b7b79c') in 0.010056 seconds
  Import took 0.022578 seconds .

========================================================================
Received Import Request.
  Time since last request: 792.206178 seconds.
  path: Assets/Prefabs/BulletBolt.prefab
  artifactKey: Guid(0d0dde6d4694ac74d8f3338c3e9cdd0b) Importer(815301076,1909f56bfc062723c751e8b465ee728b)
Start importing Assets/Prefabs/BulletBolt.prefab using Guid(0d0dde6d4694ac74d8f3338c3e9cdd0b) Importer(815301076,1909f56bfc062723c751e8b465ee728b)  -> (artifact id: '2edf9a1f79eb38213607d864b2e4e784') in 0.010519 seconds
  Import took 0.027304 seconds .

========================================================================
Received Import Request.
  Time since last request: 14.733345 seconds.
  path: Assets/Prefabs/BulletBolt.prefab
  artifactKey: Guid(0d0dde6d4694ac74d8f3338c3e9cdd0b) Importer(815301076,1909f56bfc062723c751e8b465ee728b)
Start importing Assets/Prefabs/BulletBolt.prefab using Guid(0d0dde6d4694ac74d8f3338c3e9cdd0b) Importer(815301076,1909f56bfc062723c751e8b465ee728b)  -> (artifact id: 'be3e91d2e57c8ac6dd751c7152c8b462') in 0.008482 seconds
  Import took 0.012326 seconds .

========================================================================
Received Import Request.
  Time since last request: 2.790056 seconds.
  path: Assets/Prefabs/BulletBolt.prefab
  artifactKey: Guid(0d0dde6d4694ac74d8f3338c3e9cdd0b) Importer(815301076,1909f56bfc062723c751e8b465ee728b)
Start importing Assets/Prefabs/BulletBolt.prefab using Guid(0d0dde6d4694ac74d8f3338c3e9cdd0b) Importer(815301076,1909f56bfc062723c751e8b465ee728b)  -> (artifact id: 'fef0ee780fad3cfb5b9bfef83971eefa') in 0.009033 seconds
  Import took 0.019380 seconds .

========================================================================
Received Import Request.
  Time since last request: 1.586046 seconds.
  path: Assets/Prefabs/BulletBolt.prefab
  artifactKey: Guid(0d0dde6d4694ac74d8f3338c3e9cdd0b) Importer(815301076,1909f56bfc062723c751e8b465ee728b)
Start importing Assets/Prefabs/BulletBolt.prefab using Guid(0d0dde6d4694ac74d8f3338c3e9cdd0b) Importer(815301076,1909f56bfc062723c751e8b465ee728b)  -> (artifact id: '6bab6c393428fe078077b3b8f2e71282') in 0.008800 seconds
  Import took 0.015422 seconds .

========================================================================
Received Import Request.
  Time since last request: 1.802067 seconds.
  path: Assets/Prefabs/BulletBolt.prefab
  artifactKey: Guid(0d0dde6d4694ac74d8f3338c3e9cdd0b) Importer(815301076,1909f56bfc062723c751e8b465ee728b)
Start importing Assets/Prefabs/BulletBolt.prefab using Guid(0d0dde6d4694ac74d8f3338c3e9cdd0b) Importer(815301076,1909f56bfc062723c751e8b465ee728b)  -> (artifact id: 'cc9f695913c3f670bd12f996e74f0fd1') in 0.012686 seconds
  Import took 0.021183 seconds .

========================================================================
Received Import Request.
  Time since last request: 2.799920 seconds.
  path: Assets/Prefabs/BulletBolt.prefab
  artifactKey: Guid(0d0dde6d4694ac74d8f3338c3e9cdd0b) Importer(815301076,1909f56bfc062723c751e8b465ee728b)
Start importing Assets/Prefabs/BulletBolt.prefab using Guid(0d0dde6d4694ac74d8f3338c3e9cdd0b) Importer(815301076,1909f56bfc062723c751e8b465ee728b)  -> (artifact id: '510be19c527d66002ab2c2fbc30e600c') in 0.029479 seconds
  Import took 0.048631 seconds .

========================================================================
Received Import Request.
  Time since last request: 2.343708 seconds.
  path: Assets/Prefabs/BulletBolt.prefab
  artifactKey: Guid(0d0dde6d4694ac74d8f3338c3e9cdd0b) Importer(815301076,1909f56bfc062723c751e8b465ee728b)
Start importing Assets/Prefabs/BulletBolt.prefab using Guid(0d0dde6d4694ac74d8f3338c3e9cdd0b) Importer(815301076,1909f56bfc062723c751e8b465ee728b)  -> (artifact id: '1e438e932f95da5a824632710a713d69') in 0.012777 seconds
  Import took 0.026693 seconds .

========================================================================
Received Prepare
Registering precompiled user dll's ...
Registered in 0.004125 seconds.
Begin MonoManager ReloadAssembly
Native extension for WindowsStandalone target not found
Refreshing native plugins compatible for Editor in 0.50 ms, found 2 plugins.
Preloading 0 native plugins for Editor in 0.00 ms.
Invoked RoslynAnalysisRunner static constructor.
RoslynAnalysisRunner will not be running.
RoslynAnalysisRunner has terminated.
Mono: successfully reloaded assembly
- Completed reload, in  0.735 seconds
Platform modules already initialized, skipping
Refreshing native plugins compatible for Editor in 0.50 ms, found 2 plugins.
Preloading 0 native plugins for Editor in 0.00 ms.
Unloading 1805 Unused Serialized files (Serialized files now loaded: 0)
System memory in use before: 88.6 MB.
System memory in use after: 88.6 MB.

Unloading 29 unused Assets to reduce memory usage. Loaded Objects now: 2331.
Total: 2.005700 ms (FindLiveObjects: 0.239800 ms CreateObjectMapping: 0.042700 ms MarkObjects: 1.622900 ms  DeleteObjects: 0.099400 ms)

========================================================================
Received Import Request.
  Time since last request: 88.034427 seconds.
  path: Assets/Animation/Player_Idle.anim
  artifactKey: Guid(3dcfa98be9c0d3249971965b0f875bf8) Importer(815301076,1909f56bfc062723c751e8b465ee728b)
Start importing Assets/Animation/Player_Idle.anim using Guid(3dcfa98be9c0d3249971965b0f875bf8) Importer(815301076,1909f56bfc062723c751e8b465ee728b)  -> (artifact id: '952bca860d154e63ea6e28e858b46d64') in 0.016468 seconds
  Import took 0.026041 seconds .

========================================================================
Received Import Request.
  Time since last request: 0.206857 seconds.
  path: Assets/Animation/Enemy_Death.anim
  artifactKey: Guid(9a97c7ad12e6c1c49b922de0e87136ba) Importer(815301076,1909f56bfc062723c751e8b465ee728b)
Start importing Assets/Animation/Enemy_Death.anim using Guid(9a97c7ad12e6c1c49b922de0e87136ba) Importer(815301076,1909f56bfc062723c751e8b465ee728b)  -> (artifact id: '0fd48b13c95942113fc3d5d51cfe3a5f') in 0.006552 seconds
  Import took 0.018276 seconds .

========================================================================
Received Import Request.
  Time since last request: 2.741989 seconds.
  path: Assets/Animation/Enemy_Walk.anim
  artifactKey: Guid(c7826416dcfdf9e4eaff2f86b3bd8d4b) Importer(815301076,1909f56bfc062723c751e8b465ee728b)
Start importing Assets/Animation/Enemy_Walk.anim using Guid(c7826416dcfdf9e4eaff2f86b3bd8d4b) Importer(815301076,1909f56bfc062723c751e8b465ee728b)  -> (artifact id: '443c0a83c3fb338862413323757cd37e') in 0.006255 seconds
  Import took 0.030669 seconds .

========================================================================
Received Import Request.
  Time since last request: 165.711975 seconds.
  path: Assets/Animation/Enemy.controller
  artifactKey: Guid(a8f01c181e64b5743ac5b593ba8e52b4) Importer(815301076,1909f56bfc062723c751e8b465ee728b)
Start importing Assets/Animation/Enemy.controller using Guid(a8f01c181e64b5743ac5b593ba8e52b4) Importer(815301076,1909f56bfc062723c751e8b465ee728b)  -> (artifact id: '458808c91df4008ad09bce9ad855455a') in 0.010234 seconds
  Import took 0.027808 seconds .

========================================================================
Received Prepare
Registering precompiled user dll's ...
Registered in 0.004216 seconds.
Begin MonoManager ReloadAssembly
Native extension for WindowsStandalone target not found
Refreshing native plugins compatible for Editor in 0.50 ms, found 2 plugins.
Preloading 0 native plugins for Editor in 0.00 ms.
Invoked RoslynAnalysisRunner static constructor.
RoslynAnalysisRunner will not be running.
RoslynAnalysisRunner has terminated.
Mono: successfully reloaded assembly
- Completed reload, in  0.747 seconds
Platform modules already initialized, skipping
Refreshing native plugins compatible for Editor in 0.49 ms, found 2 plugins.
Preloading 0 native plugins for Editor in 0.00 ms.
Unloading 1805 Unused Serialized files (Serialized files now loaded: 0)
System memory in use before: 88.7 MB.
System memory in use after: 88.7 MB.

Unloading 28 unused Assets to reduce memory usage. Loaded Objects now: 2334.
Total: 1.967500 ms (FindLiveObjects: 0.297800 ms CreateObjectMapping: 0.041200 ms MarkObjects: 1.523300 ms  DeleteObjects: 0.103400 ms)

========================================================================
Received Prepare
Registering precompiled user dll's ...
Registered in 0.004312 seconds.
Begin MonoManager ReloadAssembly
Native extension for WindowsStandalone target not found
Refreshing native plugins compatible for Editor in 0.50 ms, found 2 plugins.
Preloading 0 native plugins for Editor in 0.00 ms.
Invoked RoslynAnalysisRunner static constructor.
RoslynAnalysisRunner will not be running.
RoslynAnalysisRunner has terminated.
Mono: successfully reloaded assembly
- Completed reload, in  0.752 seconds
Platform modules already initialized, skipping
Refreshing native plugins compatible for Editor in 0.49 ms, found 2 plugins.
Preloading 0 native plugins for Editor in 0.00 ms.
Unloading 1805 Unused Serialized files (Serialized files now loaded: 0)
System memory in use before: 88.8 MB.
System memory in use after: 88.8 MB.

Unloading 28 unused Assets to reduce memory usage. Loaded Objects now: 2337.
Total: 2.284700 ms (FindLiveObjects: 0.269000 ms CreateObjectMapping: 0.045500 ms MarkObjects: 1.852500 ms  DeleteObjects: 0.116500 ms)

========================================================================
Received Prepare
Registering precompiled user dll's ...
Registered in 0.004277 seconds.
Begin MonoManager ReloadAssembly
Native extension for WindowsStandalone target not found
Refreshing native plugins compatible for Editor in 0.49 ms, found 2 plugins.
Preloading 0 native plugins for Editor in 0.00 ms.
Invoked RoslynAnalysisRunner static constructor.
RoslynAnalysisRunner will not be running.
RoslynAnalysisRunner has terminated.
Mono: successfully reloaded assembly
- Completed reload, in  0.739 seconds
Platform modules already initialized, skipping
Refreshing native plugins compatible for Editor in 0.46 ms, found 2 plugins.
Preloading 0 native plugins for Editor in 0.00 ms.
Unloading 1805 Unused Serialized files (Serialized files now loaded: 0)
System memory in use before: 88.9 MB.
System memory in use after: 88.9 MB.

Unloading 28 unused Assets to reduce memory usage. Loaded Objects now: 2340.
Total: 2.376500 ms (FindLiveObjects: 0.350900 ms CreateObjectMapping: 0.042000 ms MarkObjects: 1.864000 ms  DeleteObjects: 0.117700 ms)

========================================================================
Received Prepare
Registering precompiled user dll's ...
Registered in 0.004229 seconds.
Begin MonoManager ReloadAssembly
Native extension for WindowsStandalone target not found
Refreshing native plugins compatible for Editor in 0.48 ms, found 2 plugins.
Preloading 0 native plugins for Editor in 0.00 ms.
Invoked RoslynAnalysisRunner static constructor.
RoslynAnalysisRunner will not be running.
RoslynAnalysisRunner has terminated.
Mono: successfully reloaded assembly
- Completed reload, in  0.741 seconds
Platform modules already initialized, skipping
Refreshing native plugins compatible for Editor in 0.46 ms, found 2 plugins.
Preloading 0 native plugins for Editor in 0.00 ms.
Unloading 1805 Unused Serialized files (Serialized files now loaded: 0)
System memory in use before: 89.0 MB.
System memory in use after: 89.0 MB.

Unloading 28 unused Assets to reduce memory usage. Loaded Objects now: 2343.
Total: 1.970900 ms (FindLiveObjects: 0.192800 ms CreateObjectMapping: 0.044300 ms MarkObjects: 1.572100 ms  DeleteObjects: 0.160500 ms)

========================================================================
Received Import Request.
  Time since last request: 806.291725 seconds.
  path: Assets/Script/Enemy.cs
  artifactKey: Guid(5a16ff351b655d14cadc25715d356dc1) Importer(815301076,1909f56bfc062723c751e8b465ee728b)
Start importing Assets/Script/Enemy.cs using Guid(5a16ff351b655d14cadc25715d356dc1) Importer(815301076,1909f56bfc062723c751e8b465ee728b)  -> (artifact id: '6d5ca6c0cd17cd42403bf471c0bcd858') in 0.009487 seconds
  Import took 0.030691 seconds .

========================================================================
Received Prepare
Registering precompiled user dll's ...
Registered in 0.004129 seconds.
Begin MonoManager ReloadAssembly
Native extension for WindowsStandalone target not found
Refreshing native plugins compatible for Editor in 0.49 ms, found 2 plugins.
Preloading 0 native plugins for Editor in 0.00 ms.
Invoked RoslynAnalysisRunner static constructor.
RoslynAnalysisRunner will not be running.
RoslynAnalysisRunner has terminated.
Mono: successfully reloaded assembly
- Completed reload, in  0.757 seconds
Platform modules already initialized, skipping
Refreshing native plugins compatible for Editor in 0.49 ms, found 2 plugins.
Preloading 0 native plugins for Editor in 0.00 ms.
Unloading 1806 Unused Serialized files (Serialized files now loaded: 0)
System memory in use before: 89.1 MB.
System memory in use after: 89.1 MB.

Unloading 28 unused Assets to reduce memory usage. Loaded Objects now: 2347.
Total: 2.175600 ms (FindLiveObjects: 0.281000 ms CreateObjectMapping: 0.045800 ms MarkObjects: 1.730100 ms  DeleteObjects: 0.117200 ms)

========================================================================
Received Import Request.
  Time since last request: 152.754770 seconds.
  path: Assets/Art/Enemies/Enemies_Walk
  artifactKey: Guid(bb996467be49d394e817953988a0cfdf) Importer(815301076,1909f56bfc062723c751e8b465ee728b)
Start importing Assets/Art/Enemies/Enemies_Walk using Guid(bb996467be49d394e817953988a0cfdf) Importer(815301076,1909f56bfc062723c751e8b465ee728b)  -> (artifact id: '0d6449b3cf95adc48853d7cf5f92fbd9') in 0.008206 seconds
  Import took 0.011612 seconds .

========================================================================
Received Prepare
Registering precompiled user dll's ...
Registered in 0.004554 seconds.
Begin MonoManager ReloadAssembly
Native extension for WindowsStandalone target not found
Refreshing native plugins compatible for Editor in 0.49 ms, found 2 plugins.
Preloading 0 native plugins for Editor in 0.00 ms.
Invoked RoslynAnalysisRunner static constructor.
RoslynAnalysisRunner will not be running.
RoslynAnalysisRunner has terminated.
Mono: successfully reloaded assembly
- Completed reload, in  0.767 seconds
Platform modules already initialized, skipping
Refreshing native plugins compatible for Editor in 0.51 ms, found 2 plugins.
Preloading 0 native plugins for Editor in 0.00 ms.
Unloading 1806 Unused Serialized files (Serialized files now loaded: 0)
System memory in use before: 89.2 MB.
System memory in use after: 89.2 MB.

Unloading 28 unused Assets to reduce memory usage. Loaded Objects now: 2350.
Total: 2.133300 ms (FindLiveObjects: 0.264800 ms CreateObjectMapping: 0.039900 ms MarkObjects: 1.707500 ms  DeleteObjects: 0.119400 ms)

========================================================================
Received Prepare
Registering precompiled user dll's ...
Registered in 0.004577 seconds.
Begin MonoManager ReloadAssembly
Native extension for WindowsStandalone target not found
Refreshing native plugins compatible for Editor in 0.52 ms, found 2 plugins.
Preloading 0 native plugins for Editor in 0.00 ms.
Invoked RoslynAnalysisRunner static constructor.
RoslynAnalysisRunner will not be running.
RoslynAnalysisRunner has terminated.
Mono: successfully reloaded assembly
- Completed reload, in  0.759 seconds
Platform modules already initialized, skipping
Refreshing native plugins compatible for Editor in 0.52 ms, found 2 plugins.
Preloading 0 native plugins for Editor in 0.00 ms.
Unloading 1806 Unused Serialized files (Serialized files now loaded: 0)
System memory in use before: 89.3 MB.
System memory in use after: 89.3 MB.

Unloading 28 unused Assets to reduce memory usage. Loaded Objects now: 2353.
Total: 2.550600 ms (FindLiveObjects: 0.291700 ms CreateObjectMapping: 0.047000 ms MarkObjects: 2.081700 ms  DeleteObjects: 0.128400 ms)

========================================================================
Received Prepare
Registering precompiled user dll's ...
Registered in 0.005242 seconds.
Begin MonoManager ReloadAssembly
Native extension for WindowsStandalone target not found
Refreshing native plugins compatible for Editor in 0.60 ms, found 2 plugins.
Preloading 0 native plugins for Editor in 0.00 ms.
Invoked RoslynAnalysisRunner static constructor.
RoslynAnalysisRunner will not be running.
RoslynAnalysisRunner has terminated.
Mono: successfully reloaded assembly
- Completed reload, in  0.742 seconds
Platform modules already initialized, skipping
Refreshing native plugins compatible for Editor in 0.52 ms, found 2 plugins.
Preloading 0 native plugins for Editor in 0.00 ms.
Unloading 1806 Unused Serialized files (Serialized files now loaded: 0)
System memory in use before: 89.4 MB.
System memory in use after: 89.4 MB.

Unloading 28 unused Assets to reduce memory usage. Loaded Objects now: 2356.
Total: 2.291900 ms (FindLiveObjects: 0.315500 ms CreateObjectMapping: 0.044200 ms MarkObjects: 1.818400 ms  DeleteObjects: 0.112600 ms)

========================================================================
Received Prepare
Registering precompiled user dll's ...
Registered in 0.006125 seconds.
Begin MonoManager ReloadAssembly
Native extension for WindowsStandalone target not found
Refreshing native plugins compatible for Editor in 0.50 ms, found 2 plugins.
Preloading 0 native plugins for Editor in 0.00 ms.
Invoked RoslynAnalysisRunner static constructor.
RoslynAnalysisRunner will not be running.
RoslynAnalysisRunner has terminated.
Mono: successfully reloaded assembly
- Completed reload, in  0.734 seconds
Platform modules already initialized, skipping
Refreshing native plugins compatible for Editor in 0.50 ms, found 2 plugins.
Preloading 0 native plugins for Editor in 0.00 ms.
Unloading 1806 Unused Serialized files (Serialized files now loaded: 0)
System memory in use before: 89.5 MB.
System memory in use after: 89.5 MB.

Unloading 28 unused Assets to reduce memory usage. Loaded Objects now: 2359.
Total: 2.985800 ms (FindLiveObjects: 0.287200 ms CreateObjectMapping: 0.056900 ms MarkObjects: 2.472100 ms  DeleteObjects: 0.167900 ms)

========================================================================
Received Prepare
Registering precompiled user dll's ...
Registered in 0.004317 seconds.
Begin MonoManager ReloadAssembly
Native extension for WindowsStandalone target not found
Refreshing native plugins compatible for Editor in 0.49 ms, found 2 plugins.
Preloading 0 native plugins for Editor in 0.00 ms.
Invoked RoslynAnalysisRunner static constructor.
RoslynAnalysisRunner will not be running.
RoslynAnalysisRunner has terminated.
Mono: successfully reloaded assembly
- Completed reload, in  0.761 seconds
Platform modules already initialized, skipping
Refreshing native plugins compatible for Editor in 0.49 ms, found 2 plugins.
Preloading 0 native plugins for Editor in 0.00 ms.
Unloading 1806 Unused Serialized files (Serialized files now loaded: 0)
System memory in use before: 89.6 MB.
System memory in use after: 89.6 MB.

Unloading 28 unused Assets to reduce memory usage. Loaded Objects now: 2362.
Total: 2.252400 ms (FindLiveObjects: 0.245700 ms CreateObjectMapping: 0.043400 ms MarkObjects: 1.837400 ms  DeleteObjects: 0.124500 ms)

========================================================================
Received Prepare
Registering precompiled user dll's ...
Registered in 0.004164 seconds.
Begin MonoManager ReloadAssembly
Native extension for WindowsStandalone target not found
Refreshing native plugins compatible for Editor in 0.50 ms, found 2 plugins.
Preloading 0 native plugins for Editor in 0.00 ms.
Invoked RoslynAnalysisRunner static constructor.
RoslynAnalysisRunner will not be running.
RoslynAnalysisRunner has terminated.
Mono: successfully reloaded assembly
- Completed reload, in  0.749 seconds
Platform modules already initialized, skipping
Refreshing native plugins compatible for Editor in 0.48 ms, found 2 plugins.
Preloading 0 native plugins for Editor in 0.00 ms.
Unloading 1806 Unused Serialized files (Serialized files now loaded: 0)
System memory in use before: 89.7 MB.
System memory in use after: 89.7 MB.

Unloading 28 unused Assets to reduce memory usage. Loaded Objects now: 2365.
Total: 2.290900 ms (FindLiveObjects: 0.407800 ms CreateObjectMapping: 0.048300 ms MarkObjects: 1.690100 ms  DeleteObjects: 0.143100 ms)

========================================================================
Received Prepare
Registering precompiled user dll's ...
Registered in 0.005102 seconds.
Begin MonoManager ReloadAssembly
Native extension for WindowsStandalone target not found
Refreshing native plugins compatible for Editor in 0.48 ms, found 2 plugins.
Preloading 0 native plugins for Editor in 0.00 ms.
Invoked RoslynAnalysisRunner static constructor.
RoslynAnalysisRunner will not be running.
RoslynAnalysisRunner has terminated.
Mono: successfully reloaded assembly
- Completed reload, in  0.723 seconds
Platform modules already initialized, skipping
Refreshing native plugins compatible for Editor in 0.47 ms, found 2 plugins.
Preloading 0 native plugins for Editor in 0.00 ms.
Unloading 1806 Unused Serialized files (Serialized files now loaded: 0)
System memory in use before: 89.8 MB.
System memory in use after: 89.8 MB.

Unloading 28 unused Assets to reduce memory usage. Loaded Objects now: 2368.
Total: 2.273300 ms (FindLiveObjects: 0.281700 ms CreateObjectMapping: 0.044900 ms MarkObjects: 1.827600 ms  DeleteObjects: 0.118000 ms)

========================================================================
Received Prepare
Registering precompiled user dll's ...
Registered in 0.004345 seconds.
Begin MonoManager ReloadAssembly
Native extension for WindowsStandalone target not found
Refreshing native plugins compatible for Editor in 0.50 ms, found 2 plugins.
Preloading 0 native plugins for Editor in 0.00 ms.
Invoked RoslynAnalysisRunner static constructor.
RoslynAnalysisRunner will not be running.
RoslynAnalysisRunner has terminated.
Mono: successfully reloaded assembly
- Completed reload, in  0.752 seconds
Platform modules already initialized, skipping
Refreshing native plugins compatible for Editor in 0.50 ms, found 2 plugins.
Preloading 0 native plugins for Editor in 0.00 ms.
Unloading 1806 Unused Serialized files (Serialized files now loaded: 0)
System memory in use before: 89.8 MB.
System memory in use after: 89.8 MB.

Unloading 28 unused Assets to reduce memory usage. Loaded Objects now: 2371.
Total: 2.131200 ms (FindLiveObjects: 0.214900 ms CreateObjectMapping: 0.155000 ms MarkObjects: 1.641200 ms  DeleteObjects: 0.119200 ms)

========================================================================
Received Prepare
Registering precompiled user dll's ...
Registered in 0.006041 seconds.
Begin MonoManager ReloadAssembly
Native extension for WindowsStandalone target not found
Refreshing native plugins compatible for Editor in 0.50 ms, found 2 plugins.
Preloading 0 native plugins for Editor in 0.00 ms.
Invoked RoslynAnalysisRunner static constructor.
RoslynAnalysisRunner will not be running.
RoslynAnalysisRunner has terminated.
Mono: successfully reloaded assembly
- Completed reload, in  0.742 seconds
Platform modules already initialized, skipping
Refreshing native plugins compatible for Editor in 0.59 ms, found 2 plugins.
Preloading 0 native plugins for Editor in 0.00 ms.
Unloading 1806 Unused Serialized files (Serialized files now loaded: 0)
System memory in use before: 89.9 MB.
System memory in use after: 89.9 MB.

Unloading 28 unused Assets to reduce memory usage. Loaded Objects now: 2374.
Total: 2.213100 ms (FindLiveObjects: 0.250600 ms CreateObjectMapping: 0.045400 ms MarkObjects: 1.796500 ms  DeleteObjects: 0.119500 ms)

========================================================================
Received Prepare
Registering precompiled user dll's ...
Registered in 0.006172 seconds.
Begin MonoManager ReloadAssembly
Native extension for WindowsStandalone target not found
Refreshing native plugins compatible for Editor in 0.50 ms, found 2 plugins.
Preloading 0 native plugins for Editor in 0.00 ms.
Invoked RoslynAnalysisRunner static constructor.
RoslynAnalysisRunner will not be running.
RoslynAnalysisRunner has terminated.
Mono: successfully reloaded assembly
- Completed reload, in  0.743 seconds
Platform modules already initialized, skipping
Refreshing native plugins compatible for Editor in 0.48 ms, found 2 plugins.
Preloading 0 native plugins for Editor in 0.00 ms.
Unloading 1806 Unused Serialized files (Serialized files now loaded: 0)
System memory in use before: 90.0 MB.
System memory in use after: 90.0 MB.

Unloading 28 unused Assets to reduce memory usage. Loaded Objects now: 2377.
Total: 2.245300 ms (FindLiveObjects: 0.211100 ms CreateObjectMapping: 0.045000 ms MarkObjects: 1.864100 ms  DeleteObjects: 0.123700 ms)

========================================================================
Received Prepare
Registering precompiled user dll's ...
Registered in 0.004462 seconds.
Begin MonoManager ReloadAssembly
Native extension for WindowsStandalone target not found
Refreshing native plugins compatible for Editor in 0.48 ms, found 2 plugins.
Preloading 0 native plugins for Editor in 0.00 ms.
Invoked RoslynAnalysisRunner static constructor.
RoslynAnalysisRunner will not be running.
RoslynAnalysisRunner has terminated.
Mono: successfully reloaded assembly
- Completed reload, in  0.729 seconds
Platform modules already initialized, skipping
Refreshing native plugins compatible for Editor in 0.49 ms, found 2 plugins.
Preloading 0 native plugins for Editor in 0.00 ms.
Unloading 1806 Unused Serialized files (Serialized files now loaded: 0)
System memory in use before: 90.1 MB.
System memory in use after: 90.1 MB.

Unloading 28 unused Assets to reduce memory usage. Loaded Objects now: 2380.
Total: 2.520300 ms (FindLiveObjects: 0.268800 ms CreateObjectMapping: 0.047500 ms MarkObjects: 2.082600 ms  DeleteObjects: 0.120500 ms)

========================================================================
Received Prepare
Registering precompiled user dll's ...
Registered in 0.005464 seconds.
Begin MonoManager ReloadAssembly
Native extension for WindowsStandalone target not found
Refreshing native plugins compatible for Editor in 0.50 ms, found 2 plugins.
Preloading 0 native plugins for Editor in 0.00 ms.
Invoked RoslynAnalysisRunner static constructor.
RoslynAnalysisRunner will not be running.
RoslynAnalysisRunner has terminated.
Mono: successfully reloaded assembly
- Completed reload, in  0.755 seconds
Platform modules already initialized, skipping
Refreshing native plugins compatible for Editor in 0.49 ms, found 2 plugins.
Preloading 0 native plugins for Editor in 0.00 ms.
Unloading 1806 Unused Serialized files (Serialized files now loaded: 0)
System memory in use before: 90.2 MB.
System memory in use after: 90.2 MB.

Unloading 28 unused Assets to reduce memory usage. Loaded Objects now: 2383.
Total: 2.609700 ms (FindLiveObjects: 0.316900 ms CreateObjectMapping: 0.063700 ms MarkObjects: 2.113300 ms  DeleteObjects: 0.114400 ms)

========================================================================
Received Prepare
Registering precompiled user dll's ...
Registered in 0.004316 seconds.
Begin MonoManager ReloadAssembly
Native extension for WindowsStandalone target not found
Refreshing native plugins compatible for Editor in 0.49 ms, found 2 plugins.
Preloading 0 native plugins for Editor in 0.00 ms.
Invoked RoslynAnalysisRunner static constructor.
RoslynAnalysisRunner will not be running.
RoslynAnalysisRunner has terminated.
Mono: successfully reloaded assembly
- Completed reload, in  0.742 seconds
Platform modules already initialized, skipping
Refreshing native plugins compatible for Editor in 0.49 ms, found 2 plugins.
Preloading 0 native plugins for Editor in 0.00 ms.
Unloading 1806 Unused Serialized files (Serialized files now loaded: 0)
System memory in use before: 90.3 MB.
System memory in use after: 90.3 MB.

Unloading 28 unused Assets to reduce memory usage. Loaded Objects now: 2386.
Total: 2.254200 ms (FindLiveObjects: 0.373000 ms CreateObjectMapping: 0.059200 ms MarkObjects: 1.692300 ms  DeleteObjects: 0.128600 ms)

AssetImportWorkerClient::OnTransportError - code=2 error=End of file
